<?xml version="1.0" encoding="UTF-8"?>
<!-- Generated by org.testng.reporters.JUnitReportReporter -->
<testsuite hostname="TMP648-G3-M" failures="0" tests="1" name="com.testcases.LoginTestCase" time="5.682" errors="0" timestamp="2021-09-30T14:56:46 IST" skipped="0">
  <testcase classname="com.testcases.LoginTestCase" name="login" time="5.682"/>
  <system-out/>
</testsuite> <!-- com.testcases.LoginTestCase -->
